Using pre-set license
Built from '2022.3/staging' branch; Version is '2022.3.21f1 (bf09ca542b87) revision 12519882'; Using compiler version '192829333'; Build Type 'Release'
OS: 'Windows 11  (10.0.22631) 64bit Core' Language: 'en' Physical Memory: 32479 MB
BatchMode: 1, IsHumanControllingUs: 0, StartBugReporterOnCrash: 0, Is64bit: 1, IsPro: 1

COMMAND LINE ARGUMENTS:
C:\Program Files\Unity\Hub\Editor\2022.3.21f1\Editor\Unity.exe
-adb2
-batchMode
-noUpm
-name
AssetImportWorker0
-projectPath
C:/Users/pc_er/Joc3
-logFile
Logs/AssetImportWorker0.log
-srvPort
56284
Successfully changed project path to: C:/Users/pc_er/Joc3
C:/Users/pc_er/Joc3
[UnityMemory] Configuration Parameters - Can be set up in boot.config
    "memorysetup-bucket-allocator-granularity=16"
    "memorysetup-bucket-allocator-bucket-count=8"
    "memorysetup-bucket-allocator-block-size=33554432"
    "memorysetup-bucket-allocator-block-count=8"
    "memorysetup-main-allocator-block-size=16777216"
    "memorysetup-thread-allocator-block-size=16777216"
    "memorysetup-gfx-main-allocator-block-size=16777216"
    "memorysetup-gfx-thread-allocator-block-size=16777216"
    "memorysetup-cache-allocator-block-size=4194304"
    "memorysetup-typetree-allocator-block-size=2097152"
    "memorysetup-profiler-bucket-allocator-granularity=16"
    "memorysetup-profiler-bucket-allocator-bucket-count=8"
    "memorysetup-profiler-bucket-allocator-block-size=33554432"
    "memorysetup-profiler-bucket-allocator-block-count=8"
    "memorysetup-profiler-allocator-block-size=16777216"
    "memorysetup-profiler-editor-allocator-block-size=1048576"
    "memorysetup-temp-allocator-size-main=16777216"
    "memorysetup-job-temp-allocator-block-size=2097152"
    "memorysetup-job-temp-allocator-block-size-background=1048576"
    "memorysetup-job-temp-allocator-reduction-small-platforms=262144"
    "memorysetup-allocator-temp-initial-block-size-main=262144"
    "memorysetup-allocator-temp-initial-block-size-worker=262144"
    "memorysetup-temp-allocator-size-background-worker=32768"
    "memorysetup-temp-allocator-size-job-worker=262144"
    "memorysetup-temp-allocator-size-preload-manager=33554432"
    "memorysetup-temp-allocator-size-nav-mesh-worker=65536"
    "memorysetup-temp-allocator-size-audio-worker=65536"
    "memorysetup-temp-allocator-size-cloud-worker=32768"
    "memorysetup-temp-allocator-size-gi-baking-worker=262144"
    "memorysetup-temp-allocator-size-gfx=262144"
Player connection [2836] Host "[IP] 192.168.68.58 [Port] 0 [Flags] 2 [Guid] 4175063653 [EditorId] 4175063653 [Version] 1048832 [Id] WindowsEditor(7,Erasmus) [Debug] 1 [PackageName] WindowsEditor [ProjectName] Editor" joined multi-casting on [225.0.0.222:54997]...

Player connection [2836] Host "[IP] 192.168.68.58 [Port] 0 [Flags] 2 [Guid] 4175063653 [EditorId] 4175063653 [Version] 1048832 [Id] WindowsEditor(7,Erasmus) [Debug] 1 [PackageName] WindowsEditor [ProjectName] Editor" joined alternative multi-casting on [225.0.0.222:34997]...

[Physics::Module] Initialized MultithreadedJobDispatcher with 11 workers.
Refreshing native plugins compatible for Editor in 10.74 ms, found 3 plugins.
Preloading 0 native plugins for Editor in 0.00 ms.
Initialize engine version: 2022.3.21f1 (bf09ca542b87)
[Subsystems] Discovering subsystems at path C:/Program Files/Unity/Hub/Editor/2022.3.21f1/Editor/Data/Resources/UnitySubsystems
[Subsystems] Discovering subsystems at path C:/Users/pc_er/Joc3/Assets
GfxDevice: creating device client; threaded=0; jobified=0
Direct3D:
    Version:  Direct3D 11.0 [level 11.1]
    Renderer: NVIDIA GeForce RTX 2050 (ID=0x25a9)
    Vendor:   NVIDIA
    VRAM:     3980 MB
    Driver:   31.0.15.4626
Initialize mono
Mono path[0] = 'C:/Program Files/Unity/Hub/Editor/2022.3.21f1/Editor/Data/Managed'
Mono path[1] = 'C:/Program Files/Unity/Hub/Editor/2022.3.21f1/Editor/Data/MonoBleedingEdge/lib/mono/unityjit-win32'
Mono config path = 'C:/Program Files/Unity/Hub/Editor/2022.3.21f1/Editor/Data/MonoBleedingEdge/etc'
Using monoOptions --debugger-agent=transport=dt_socket,embedding=1,server=y,suspend=n,address=127.0.0.1:56952
Begin MonoManager ReloadAssembly
Registering precompiled unity dll's ...
Register platform support module: C:/Program Files/Unity/Hub/Editor/2022.3.21f1/Editor/Data/PlaybackEngines/WindowsStandaloneSupport/UnityEditor.WindowsStandalone.Extensions.dll
Registered in 0.008682 seconds.
- Loaded All Assemblies, in  0.314 seconds
Native extension for WindowsStandalone target not found
Mono: successfully reloaded assembly
- Finished resetting the current domain, in  0.253 seconds
Domain Reload Profiling: 565ms
	BeginReloadAssembly (99ms)
		ExecutionOrderSort (0ms)
		DisableScriptedObjects (0ms)
		BackupInstance (0ms)
		ReleaseScriptingObjects (0ms)
		CreateAndSetChildDomain (1ms)
	RebuildCommonClasses (29ms)
	RebuildNativeTypeToScriptingClass (8ms)
	initialDomainReloadingComplete (56ms)
	LoadAllAssembliesAndSetupDomain (120ms)
		LoadAssemblies (96ms)
		RebuildTransferFunctionScriptingTraits (0ms)
		AnalyzeDomain (118ms)
			TypeCache.Refresh (117ms)
				TypeCache.ScanAssembly (105ms)
			ScanForSourceGeneratedMonoScriptInfo (0ms)
			ResolveRequiredComponents (0ms)
	FinalizeReload (253ms)
		ReleaseScriptCaches (0ms)
		RebuildScriptCaches (0ms)
		SetupLoadedEditorAssemblies (194ms)
			LogAssemblyErrors (0ms)
			InitializePlatformSupportModulesInManaged (9ms)
			SetLoadedEditorAssemblies (7ms)
			RefreshPlugins (0ms)
			BeforeProcessingInitializeOnLoad (2ms)
			ProcessInitializeOnLoadAttributes (130ms)
			ProcessInitializeOnLoadMethodAttributes (45ms)
			AfterProcessingInitializeOnLoad (0ms)
			EditorAssembliesLoaded (0ms)
		ExecutionOrderSort2 (0ms)
		AwakeInstancesAfterBackupRestoration (0ms)
========================================================================
Worker process is ready to serve import requests
Begin MonoManager ReloadAssembly
- Loaded All Assemblies, in  0.579 seconds
Refreshing native plugins compatible for Editor in 2.97 ms, found 3 plugins.
Native extension for WindowsStandalone target not found
Package Manager log level set to [2]
[Package Manager] Server::EnsureServerProcessIsRunning -- launch failed, reason: Unity was launched with the -noUpm command-line argument
[Package Manager] UpmClient::Send -- Unable to send message (not connected to UPM process).
[Package Manager] Cannot connect to Unity Package Manager local server
Mono: successfully reloaded assembly
- Finished resetting the current domain, in  0.857 seconds
Domain Reload Profiling: 1434ms
	BeginReloadAssembly (135ms)
		ExecutionOrderSort (0ms)
		DisableScriptedObjects (5ms)
		BackupInstance (0ms)
		ReleaseScriptingObjects (0ms)
		CreateAndSetChildDomain (20ms)
	RebuildCommonClasses (29ms)
	RebuildNativeTypeToScriptingClass (9ms)
	initialDomainReloadingComplete (38ms)
	LoadAllAssembliesAndSetupDomain (365ms)
		LoadAssemblies (280ms)
		RebuildTransferFunctionScriptingTraits (0ms)
		AnalyzeDomain (163ms)
			TypeCache.Refresh (140ms)
				TypeCache.ScanAssembly (126ms)
			ScanForSourceGeneratedMonoScriptInfo (17ms)
			ResolveRequiredComponents (4ms)
	FinalizeReload (858ms)
		ReleaseScriptCaches (0ms)
		RebuildScriptCaches (0ms)
		SetupLoadedEditorAssemblies (715ms)
			LogAssemblyErrors (0ms)
			InitializePlatformSupportModulesInManaged (8ms)
			SetLoadedEditorAssemblies (4ms)
			RefreshPlugins (0ms)
			BeforeProcessingInitializeOnLoad (59ms)
			ProcessInitializeOnLoadAttributes (614ms)
			ProcessInitializeOnLoadMethodAttributes (22ms)
			AfterProcessingInitializeOnLoad (8ms)
			EditorAssembliesLoaded (0ms)
		ExecutionOrderSort2 (0ms)
		AwakeInstancesAfterBackupRestoration (6ms)
Launched and connected shader compiler UnityShaderCompiler.exe after 0.05 seconds
Refreshing native plugins compatible for Editor in 3.51 ms, found 3 plugins.
Preloading 0 native plugins for Editor in 0.00 ms.
Unloading 3593 Unused Serialized files (Serialized files now loaded: 0)
Unloading 41 unused Assets / (434.4 KB). Loaded Objects now: 4060.
Memory consumption went from 144.3 MB to 143.9 MB.
Total: 4.193000 ms (FindLiveObjects: 0.325300 ms CreateObjectMapping: 0.114800 ms MarkObjects: 3.465000 ms  DeleteObjects: 0.286000 ms)

AssetImportParameters requested are different than current active one (requested -> active):
  custom:container-demuxer-ogg: 62fdf1f143b41e24485cea50d1cbac27 -> 
  custom:video-codec-MediaFoundation-h265: 746d11721c4dcdbdad8f713fa42b33f4 -> 
  custom:video-decoder-ogg-theora: a1e56fd34408186e4bbccfd4996cb3dc -> 
  custom:framework-win-MediaFoundation: 216162199b28c13a410421893ffa2e32 -> 
  custom:CustomObjectIndexerAttribute: 9a22284fe3817be447336de3de66b15e -> 
  custom:container-demuxer-webm: 4f35f7cbe854078d1ac9338744f61a02 -> 
  custom:container-muxer-webm: aa71ff27fc2769a1b78a27578f13a17b -> 
  custom:video-decoder-webm-vp8: 9c59270c3fd7afecdb556c50c9e8de78 -> 
  custom:SearchIndexIgnoredProperties: e643bd26f0fe6173181afceb89e7c659 -> 
  custom:AudioImporter_EditorPlatform: d09bf68614088b80899f8185d706f6e7 -> 
  custom:video-encoder-webm-vp8: eb34c28f22e8b96e1ab97ce403110664 -> 
  custom:audio-decoder-ogg-vorbis: bf7c407c2cedff20999df2af8eb42d56 -> 
  custom:audio-encoder-webm-vorbis: bf7c407c2cedff20999df2af8eb42d56 -> 
========================================================================
Received Import Request.
  Time since last request: 76906.624408 seconds.
  path: Assets/Standard Assets/Vehicles/Car
  artifactKey: Guid(09cfa44c71dfd864283e08dc3fa7fb4b) Importer(815301076,1909f56bfc062723c751e8b465ee728b)
Start importing Assets/Standard Assets/Vehicles/Car using Guid(09cfa44c71dfd864283e08dc3fa7fb4b) Importer(815301076,1909f56bfc062723c751e8b465ee728b)  -> (artifact id: 'fd409baed6cfa25fc1b00517ccceedca') in 0.002697 seconds
Number of updated asset objects reloaded before import = 0
Number of asset objects unloaded after import = 0
========================================================================
Received Import Request.
  Time since last request: 0.000026 seconds.
  path: Assets/Standard Assets/Vehicles/Car/Prefabs/SkidTrail.prefab
  artifactKey: Guid(4b6aa99de5d21424eab6ae279f31475b) Importer(815301076,1909f56bfc062723c751e8b465ee728b)
Start importing Assets/Standard Assets/Vehicles/Car/Prefabs/SkidTrail.prefab using Guid(4b6aa99de5d21424eab6ae279f31475b) Importer(815301076,1909f56bfc062723c751e8b465ee728b)  -> (artifact id: '0c3b0edbf367798ff3b73f6acdff98d0') in 0.090335 seconds
Number of updated asset objects reloaded before import = 0
Number of asset objects unloaded after import = 8
========================================================================
Received Import Request.
  Time since last request: 0.000024 seconds.
  path: Assets/Standard Assets/Vehicles/Car/Prefabs/CarWaypointBased.prefab
  artifactKey: Guid(0fb4610dba67fc24cb2a6674fb155fc1) Importer(815301076,1909f56bfc062723c751e8b465ee728b)
Start importing Assets/Standard Assets/Vehicles/Car/Prefabs/CarWaypointBased.prefab using Guid(0fb4610dba67fc24cb2a6674fb155fc1) Importer(815301076,1909f56bfc062723c751e8b465ee728b)  -> (artifact id: 'f060482359ebe91833aa0ba92047671b') in 0.449033 seconds
Number of updated asset objects reloaded before import = 0
Number of asset objects unloaded after import = 159
========================================================================
Received Prepare
Begin MonoManager ReloadAssembly
- Loaded All Assemblies, in  0.461 seconds
Refreshing native plugins compatible for Editor in 3.00 ms, found 3 plugins.
Native extension for WindowsStandalone target not found
[Package Manager] Server::EnsureServerProcessIsRunning -- launch failed, reason: Unity was launched with the -noUpm command-line argument
[Package Manager] UpmClient::Send -- Unable to send message (not connected to UPM process).
[Package Manager] Cannot connect to Unity Package Manager local server
Mono: successfully reloaded assembly
- Finished resetting the current domain, in  1.109 seconds
Domain Reload Profiling: 1568ms
	BeginReloadAssembly (156ms)
		ExecutionOrderSort (0ms)
		DisableScriptedObjects (3ms)
		BackupInstance (0ms)
		ReleaseScriptingObjects (0ms)
		CreateAndSetChildDomain (37ms)
	RebuildCommonClasses (41ms)
	RebuildNativeTypeToScriptingClass (12ms)
	initialDomainReloadingComplete (25ms)
	LoadAllAssembliesAndSetupDomain (224ms)
		LoadAssemblies (295ms)
		RebuildTransferFunctionScriptingTraits (0ms)
		AnalyzeDomain (11ms)
			TypeCache.Refresh (5ms)
				TypeCache.ScanAssembly (0ms)
			ScanForSourceGeneratedMonoScriptInfo (0ms)
			ResolveRequiredComponents (4ms)
	FinalizeReload (1110ms)
		ReleaseScriptCaches (0ms)
		RebuildScriptCaches (0ms)
		SetupLoadedEditorAssemblies (574ms)
			LogAssemblyErrors (0ms)
			InitializePlatformSupportModulesInManaged (8ms)
			SetLoadedEditorAssemblies (3ms)
			RefreshPlugins (0ms)
			BeforeProcessingInitializeOnLoad (59ms)
			ProcessInitializeOnLoadAttributes (473ms)
			ProcessInitializeOnLoadMethodAttributes (19ms)
			AfterProcessingInitializeOnLoad (11ms)
			EditorAssembliesLoaded (0ms)
		ExecutionOrderSort2 (0ms)
		AwakeInstancesAfterBackupRestoration (6ms)
Refreshing native plugins compatible for Editor in 2.88 ms, found 3 plugins.
Preloading 0 native plugins for Editor in 0.00 ms.
Unloading 3567 Unused Serialized files (Serialized files now loaded: 0)
Unloading 28 unused Assets / (370.2 KB). Loaded Objects now: 4075.
Memory consumption went from 144.3 MB to 144.0 MB.
Total: 3.147300 ms (FindLiveObjects: 0.290800 ms CreateObjectMapping: 0.095600 ms MarkObjects: 2.491600 ms  DeleteObjects: 0.267900 ms)

Prepare: number of updated asset objects reloaded= 0
AssetImportParameters requested are different than current active one (requested -> active):
  custom:container-demuxer-ogg: 62fdf1f143b41e24485cea50d1cbac27 -> 
  custom:video-codec-MediaFoundation-h265: 746d11721c4dcdbdad8f713fa42b33f4 -> 
  custom:video-decoder-ogg-theora: a1e56fd34408186e4bbccfd4996cb3dc -> 
  custom:framework-win-MediaFoundation: 216162199b28c13a410421893ffa2e32 -> 
  custom:CustomObjectIndexerAttribute: 9a22284fe3817be447336de3de66b15e -> 
  custom:container-demuxer-webm: 4f35f7cbe854078d1ac9338744f61a02 -> 
  custom:container-muxer-webm: aa71ff27fc2769a1b78a27578f13a17b -> 
  custom:video-decoder-webm-vp8: 9c59270c3fd7afecdb556c50c9e8de78 -> 
  custom:SearchIndexIgnoredProperties: e643bd26f0fe6173181afceb89e7c659 -> 
  custom:AudioImporter_EditorPlatform: d09bf68614088b80899f8185d706f6e7 -> 
  custom:video-encoder-webm-vp8: eb34c28f22e8b96e1ab97ce403110664 -> 
  custom:audio-decoder-ogg-vorbis: bf7c407c2cedff20999df2af8eb42d56 -> 
  custom:audio-encoder-webm-vorbis: bf7c407c2cedff20999df2af8eb42d56 -> 
========================================================================
Received Import Request.
  Time since last request: 97.780200 seconds.
  path: Assets/pineForset_MayoGames_free
  artifactKey: Guid(0d79677d2b8e1434a99c4dd2d3db64a8) Importer(815301076,1909f56bfc062723c751e8b465ee728b)
Start importing Assets/pineForset_MayoGames_free using Guid(0d79677d2b8e1434a99c4dd2d3db64a8) Importer(815301076,1909f56bfc062723c751e8b465ee728b)  -> (artifact id: '9ed180b7b4e9ec5dbdc695a57d314149') in 0.003066 seconds
Number of updated asset objects reloaded before import = 0
Number of asset objects unloaded after import = 0
========================================================================
Received Import Request.
  Time since last request: 0.850602 seconds.
  path: Assets/pineForset_MayoGames_free/materials
  artifactKey: Guid(a8342d4de9e8e4046968e462f37efad8) Importer(815301076,1909f56bfc062723c751e8b465ee728b)
Start importing Assets/pineForset_MayoGames_free/materials using Guid(a8342d4de9e8e4046968e462f37efad8) Importer(815301076,1909f56bfc062723c751e8b465ee728b)  -> (artifact id: '8d99086e2a288d8ba8b559b6eaabb376') in 0.000517 seconds
Number of updated asset objects reloaded before import = 0
Number of asset objects unloaded after import = 0
========================================================================
Received Import Request.
  Time since last request: 2.808269 seconds.
  path: Assets/pineForset_MayoGames_free/prefabs
  artifactKey: Guid(334d040ea7630284bb626ed10b0979e0) Importer(815301076,1909f56bfc062723c751e8b465ee728b)
Start importing Assets/pineForset_MayoGames_free/prefabs using Guid(334d040ea7630284bb626ed10b0979e0) Importer(815301076,1909f56bfc062723c751e8b465ee728b)  -> (artifact id: 'd66bbc8eae633f1acf2f78ec4a57ea50') in 0.000510 seconds
Number of updated asset objects reloaded before import = 0
Number of asset objects unloaded after import = 0
========================================================================
Received Import Request.
  Time since last request: 0.074487 seconds.
  path: Assets/pineForset_MayoGames_free/prefabs/brunch_1.prefab
  artifactKey: Guid(b2b9bf23afe7a674785a7e1f3152251d) Importer(815301076,1909f56bfc062723c751e8b465ee728b)
Start importing Assets/pineForset_MayoGames_free/prefabs/brunch_1.prefab using Guid(b2b9bf23afe7a674785a7e1f3152251d) Importer(815301076,1909f56bfc062723c751e8b465ee728b)  -> (artifact id: '3425b81005183ecf9b9d00773adee253') in 0.074799 seconds
Number of updated asset objects reloaded before import = 0
Number of asset objects unloaded after import = 19
========================================================================
Received Import Request.
  Time since last request: 0.000022 seconds.
  path: Assets/pineForset_MayoGames_free/prefabs/furTree_dead.prefab
  artifactKey: Guid(1b7627dffc7553e46a2a7beae08c7ee0) Importer(815301076,1909f56bfc062723c751e8b465ee728b)
Start importing Assets/pineForset_MayoGames_free/prefabs/furTree_dead.prefab using Guid(1b7627dffc7553e46a2a7beae08c7ee0) Importer(815301076,1909f56bfc062723c751e8b465ee728b)  -> (artifact id: '4053ba3bfb561b579ff7963d829bd160') in 0.017572 seconds
Number of updated asset objects reloaded before import = 0
Number of asset objects unloaded after import = 33
========================================================================
Received Import Request.
  Time since last request: 0.000018 seconds.
  path: Assets/pineForset_MayoGames_free/prefabs/brunch_3.prefab
  artifactKey: Guid(0716110bd929f4648a9bd82751c5fe56) Importer(815301076,1909f56bfc062723c751e8b465ee728b)
Start importing Assets/pineForset_MayoGames_free/prefabs/brunch_3.prefab using Guid(0716110bd929f4648a9bd82751c5fe56) Importer(815301076,1909f56bfc062723c751e8b465ee728b)  -> (artifact id: '5d0b7803a1538a1a9f42655f7e108586') in 0.039705 seconds
Number of updated asset objects reloaded before import = 0
Number of asset objects unloaded after import = 19
========================================================================
Received Import Request.
  Time since last request: 0.000016 seconds.
  path: Assets/pineForset_MayoGames_free/prefabs/fern.prefab
  artifactKey: Guid(fceae4586dcff3c498a099880ca6d832) Importer(815301076,1909f56bfc062723c751e8b465ee728b)
Start importing Assets/pineForset_MayoGames_free/prefabs/fern.prefab using Guid(fceae4586dcff3c498a099880ca6d832) Importer(815301076,1909f56bfc062723c751e8b465ee728b)  -> (artifact id: '559e27cce7043ccf0f30f99401d760b6') in 0.024324 seconds
Number of updated asset objects reloaded before import = 0
Number of asset objects unloaded after import = 10
========================================================================
Received Import Request.
  Time since last request: 4.547303 seconds.
  path: Assets/pineForset_MayoGames_free/Scenes
  artifactKey: Guid(36416b07396ec9443952e22cfc583c75) Importer(815301076,1909f56bfc062723c751e8b465ee728b)
Start importing Assets/pineForset_MayoGames_free/Scenes using Guid(36416b07396ec9443952e22cfc583c75) Importer(815301076,1909f56bfc062723c751e8b465ee728b)  -> (artifact id: '682a5fc00f62de5e4f39d833dadeff1f') in 0.000715 seconds
Number of updated asset objects reloaded before import = 0
Number of asset objects unloaded after import = 0
========================================================================
Received Import Request.
  Time since last request: 5.302454 seconds.
  path: Assets/pineForset_MayoGames_free/Scenes/Asset_ex.unity
  artifactKey: Guid(c2ec5ae80c5b2e644aa945bcca5c0845) Importer(815301076,1909f56bfc062723c751e8b465ee728b)
Start importing Assets/pineForset_MayoGames_free/Scenes/Asset_ex.unity using Guid(c2ec5ae80c5b2e644aa945bcca5c0845) Importer(815301076,1909f56bfc062723c751e8b465ee728b)  -> (artifact id: 'e5fc2e1e3d62f8bdfd6e9c4067ba79fe') in 0.000549 seconds
Number of updated asset objects reloaded before import = 0
Number of asset objects unloaded after import = 0
========================================================================
Received Import Request.
  Time since last request: 17.700172 seconds.
  path: Assets/pineForset_MayoGames_free/Scenes/SampleSceneSettings.lighting
  artifactKey: Guid(f08a85188f6e5f44eb790c4b27af588a) Importer(815301076,1909f56bfc062723c751e8b465ee728b)
Start importing Assets/pineForset_MayoGames_free/Scenes/SampleSceneSettings.lighting using Guid(f08a85188f6e5f44eb790c4b27af588a) Importer(815301076,1909f56bfc062723c751e8b465ee728b)  -> (artifact id: 'dfdbd425e6be0bc60e18d8c765353212') in 0.001096 seconds
Number of updated asset objects reloaded before import = 0
Number of asset objects unloaded after import = 1
========================================================================
Received Import Request.
  Time since last request: 8.870494 seconds.
  path: Assets/Kucher
  artifactKey: Guid(f12b23c19d488e641866f5d75afaf8b4) Importer(815301076,1909f56bfc062723c751e8b465ee728b)
Start importing Assets/Kucher using Guid(f12b23c19d488e641866f5d75afaf8b4) Importer(815301076,1909f56bfc062723c751e8b465ee728b)  -> (artifact id: '810a6905b1ea844756a8d4ad922586d6') in 0.000604 seconds
Number of updated asset objects reloaded before import = 0
Number of asset objects unloaded after import = 0
========================================================================
Received Import Request.
  Time since last request: 7.888290 seconds.
  path: Assets/Scenes
  artifactKey: Guid(e576be87bca61614c81b703f6442fb9b) Importer(815301076,1909f56bfc062723c751e8b465ee728b)
Start importing Assets/Scenes using Guid(e576be87bca61614c81b703f6442fb9b) Importer(815301076,1909f56bfc062723c751e8b465ee728b)  -> (artifact id: '75ba9d47a29dbe938c93599dfcdb0e5f') in 0.000504 seconds
Number of updated asset objects reloaded before import = 0
Number of asset objects unloaded after import = 0
========================================================================
Received Import Request.
  Time since last request: 1.014614 seconds.
  path: Assets/Scenes/SampleScene.unity
  artifactKey: Guid(9fc0d4010bbf28b4594072e72b8655ab) Importer(815301076,1909f56bfc062723c751e8b465ee728b)
Start importing Assets/Scenes/SampleScene.unity using Guid(9fc0d4010bbf28b4594072e72b8655ab) Importer(815301076,1909f56bfc062723c751e8b465ee728b)  -> (artifact id: 'a4412ffbafc3ae99e3cc44e2db721d0f') in 0.000536 seconds
Number of updated asset objects reloaded before import = 0
Number of asset objects unloaded after import = 0
========================================================================
Received Import Request.
  Time since last request: 28.711160 seconds.
  path: Assets/WW2 Armed Forces Demo
  artifactKey: Guid(b1e27df65351e114cb9c2c7711d04c83) Importer(815301076,1909f56bfc062723c751e8b465ee728b)
Start importing Assets/WW2 Armed Forces Demo using Guid(b1e27df65351e114cb9c2c7711d04c83) Importer(815301076,1909f56bfc062723c751e8b465ee728b)  -> (artifact id: '058bc27102b054b3fe42cc1378668fcf') in 0.000600 seconds
Number of updated asset objects reloaded before import = 0
Number of asset objects unloaded after import = 0
========================================================================
Received Import Request.
  Time since last request: 3.129226 seconds.
  path: Assets/WW2 Armed Forces Demo/Prefabs
  artifactKey: Guid(f958f5133ad83c949b41ccac2b09fb26) Importer(815301076,1909f56bfc062723c751e8b465ee728b)
Start importing Assets/WW2 Armed Forces Demo/Prefabs using Guid(f958f5133ad83c949b41ccac2b09fb26) Importer(815301076,1909f56bfc062723c751e8b465ee728b)  -> (artifact id: '618d7269f422c38befe5c36b3dbbd22b') in 0.000571 seconds
Number of updated asset objects reloaded before import = 0
Number of asset objects unloaded after import = 0
========================================================================
Received Import Request.
  Time since last request: 0.080243 seconds.
  path: Assets/WW2 Armed Forces Demo/Prefabs/Carro_Armato_L6_40.prefab
  artifactKey: Guid(6df639913147c224ea5b9ceda94435ae) Importer(815301076,1909f56bfc062723c751e8b465ee728b)
Start importing Assets/WW2 Armed Forces Demo/Prefabs/Carro_Armato_L6_40.prefab using Guid(6df639913147c224ea5b9ceda94435ae) Importer(815301076,1909f56bfc062723c751e8b465ee728b)  -> (artifact id: '164c10379c50c86b1bbd39dadbb3de00') in 0.304028 seconds
Number of updated asset objects reloaded before import = 0
Number of asset objects unloaded after import = 142
========================================================================
Received Import Request.
  Time since last request: 0.000019 seconds.
  path: Assets/WW2 Armed Forces Demo/Prefabs/T_34_76.prefab
  artifactKey: Guid(2ebf979aaaeff1a45966f55f233733e7) Importer(815301076,1909f56bfc062723c751e8b465ee728b)
Start importing Assets/WW2 Armed Forces Demo/Prefabs/T_34_76.prefab using Guid(2ebf979aaaeff1a45966f55f233733e7) Importer(815301076,1909f56bfc062723c751e8b465ee728b)  -> (artifact id: '4123ae3b6300456038938d230e3f40dd') in 0.029773 seconds
Number of updated asset objects reloaded before import = 0
Number of asset objects unloaded after import = 126
========================================================================
Received Import Request.
  Time since last request: 0.000028 seconds.
  path: Assets/WW2 Armed Forces Demo/Prefabs/Vickers_Mk_E_Type_B.prefab
  artifactKey: Guid(4a7e113a41402ea4685683f8826df67c) Importer(815301076,1909f56bfc062723c751e8b465ee728b)
Start importing Assets/WW2 Armed Forces Demo/Prefabs/Vickers_Mk_E_Type_B.prefab using Guid(4a7e113a41402ea4685683f8826df67c) Importer(815301076,1909f56bfc062723c751e8b465ee728b)  -> (artifact id: '175b92165fcfcae3e7ad13bfadca2d61') in 0.031727 seconds
Number of updated asset objects reloaded before import = 0
Number of asset objects unloaded after import = 192
========================================================================
Received Import Request.
  Time since last request: 0.000018 seconds.
  path: Assets/WW2 Armed Forces Demo/Prefabs/Ha_Go.prefab
  artifactKey: Guid(5a3ffe14bfec95a44a8670b30c366479) Importer(815301076,1909f56bfc062723c751e8b465ee728b)
Start importing Assets/WW2 Armed Forces Demo/Prefabs/Ha_Go.prefab using Guid(5a3ffe14bfec95a44a8670b30c366479) Importer(815301076,1909f56bfc062723c751e8b465ee728b)  -> (artifact id: 'e2b465657b5f2dc9cec9f6794d495cca') in 0.030490 seconds
Number of updated asset objects reloaded before import = 0
Number of asset objects unloaded after import = 134
========================================================================
Received Import Request.
  Time since last request: 0.000035 seconds.
  path: Assets/WW2 Armed Forces Demo/Prefabs/Cromwell_IV.prefab
  artifactKey: Guid(5f694739ee4c9494c905f4e9353cfe0c) Importer(815301076,1909f56bfc062723c751e8b465ee728b)
Start importing Assets/WW2 Armed Forces Demo/Prefabs/Cromwell_IV.prefab using Guid(5f694739ee4c9494c905f4e9353cfe0c) Importer(815301076,1909f56bfc062723c751e8b465ee728b)  -> (artifact id: '20bbae8db7e77b17abe2220bb5774eb2') in 0.036295 seconds
Number of updated asset objects reloaded before import = 0
Number of asset objects unloaded after import = 126
========================================================================
Received Import Request.
  Time since last request: 0.000034 seconds.
  path: Assets/WW2 Armed Forces Demo/Prefabs/Renault_ZB.prefab
  artifactKey: Guid(430d3ec72a1aa3740b0bae13dc9c749e) Importer(815301076,1909f56bfc062723c751e8b465ee728b)
Start importing Assets/WW2 Armed Forces Demo/Prefabs/Renault_ZB.prefab using Guid(430d3ec72a1aa3740b0bae13dc9c749e) Importer(815301076,1909f56bfc062723c751e8b465ee728b)  -> (artifact id: '452f0bd8086c238f53b57f3be1027523') in 0.031942 seconds
Number of updated asset objects reloaded before import = 0
Number of asset objects unloaded after import = 150
========================================================================
Received Import Request.
  Time since last request: 0.000018 seconds.
  path: Assets/WW2 Armed Forces Demo/Prefabs/Matilda_II.prefab
  artifactKey: Guid(4dc2293ab5c561140872035453dd1c81) Importer(815301076,1909f56bfc062723c751e8b465ee728b)
Start importing Assets/WW2 Armed Forces Demo/Prefabs/Matilda_II.prefab using Guid(4dc2293ab5c561140872035453dd1c81) Importer(815301076,1909f56bfc062723c751e8b465ee728b)  -> (artifact id: '0c96251a1c51c5ada9b31be6124ba3da') in 0.038316 seconds
Number of updated asset objects reloaded before import = 0
Number of asset objects unloaded after import = 184
========================================================================
Received Import Request.
  Time since last request: 0.000021 seconds.
  path: Assets/WW2 Armed Forces Demo/Prefabs/Panzer_VI_E.prefab
  artifactKey: Guid(03bd5e3ea2209eb49a5742f90b548d10) Importer(815301076,1909f56bfc062723c751e8b465ee728b)
Start importing Assets/WW2 Armed Forces Demo/Prefabs/Panzer_VI_E.prefab using Guid(03bd5e3ea2209eb49a5742f90b548d10) Importer(815301076,1909f56bfc062723c751e8b465ee728b)  -> (artifact id: '39637e73fe4f0d3fff84696aee08ef84') in 0.034113 seconds
Number of updated asset objects reloaded before import = 0
Number of asset objects unloaded after import = 156
========================================================================
Received Import Request.
  Time since last request: 0.000056 seconds.
  path: Assets/WW2 Armed Forces Demo/Prefabs/SOMUA_S35.prefab
  artifactKey: Guid(1b29412902091814aaf3887729342d94) Importer(815301076,1909f56bfc062723c751e8b465ee728b)
Start importing Assets/WW2 Armed Forces Demo/Prefabs/SOMUA_S35.prefab using Guid(1b29412902091814aaf3887729342d94) Importer(815301076,1909f56bfc062723c751e8b465ee728b)  -> (artifact id: '66a34b2fb99fe96eb30433f029042a81') in 0.034717 seconds
Number of updated asset objects reloaded before import = 0
Number of asset objects unloaded after import = 184
Editor requested this worker to shutdown with reason: Scaling down because of idle timeout
TcpMessagingSession - receive error: operation aborted. errorcode: 995, details: The I/O operation has been aborted because of either a thread exit or an application request.
AssetImportWorker is now disconnected from the server
Process exiting
Exiting without the bug reporter. Application will terminate with return code 0